/software/synopsys/syn_current/auxx/gui/dv/dv_setup.tcl
/software/synopsys/syn_current/auxx/gui/syn/snpsSynProcs.tcl
/software/synopsys/syn_current/auxx/tcllib/lib/tcl8.4/package.tcl
/software/synopsys/syn_current/auxx/gui/common/histogram/pkgIndex.tcl
/software/synopsys/syn_current/auxx/gui/common/misc/pkgIndex.tcl
/software/synopsys/syn_current/auxx/gui/common/view/pkgIndex.tcl
/software/synopsys/syn_current/auxx/gui/common/tcl-dp/pkgIndex.tcl
/software/synopsys/syn_current/auxx/gui/common/fanoutviewer/pkgIndex.tcl
/software/synopsys/syn_current/auxx/gui/common/setup/pkgIndex.tcl
/software/synopsys/syn_current/auxx/gui/common/WindowFrameWork/pkgIndex.tcl
/software/synopsys/syn_current/auxx/gui/common/hierarchy/pkgIndex.tcl
/software/synopsys/syn_current/auxx/gui/common/profiler/pkgIndex.tcl
/software/synopsys/syn_current/auxx/gui/common/strokes/pkgIndex.tcl
/software/synopsys/syn_current/auxx/gui/common/dialogs/pkgIndex.tcl
/software/synopsys/syn_current/auxx/gui/common/qtcl/pkgIndex.tcl
/software/synopsys/syn_current/auxx/gui/common/docBrowser/pkgIndex.tcl
/software/synopsys/syn_current/auxx/gui/common/help/pkgIndex.tcl
/software/synopsys/syn_current/auxx/gui/common/highlight/pkgIndex.tcl
/software/synopsys/syn_current/auxx/gui/common/table/pkgIndex.tcl
/software/synopsys/syn_current/auxx/gui/common/schematic/pkgIndex.tcl
/software/synopsys/syn_current/auxx/gui/common/opdlg/pkgIndex.tcl
/software/synopsys/syn_current/auxx/gui/common/select/pkgIndex.tcl
/software/synopsys/syn_current/auxx/gui/common/menus/pkgIndex.tcl
/software/synopsys/syn_current/auxx/gui/common/pathinspector/pkgIndex.tcl
/software/synopsys/syn_current/auxx/gui/common/libviewer/pkgIndex.tcl
/software/synopsys/syn_current/auxx/tcllib/snps_tcl/snpsUtils/pkgIndex.tcl
/software/synopsys/syn_current/auxx/tcllib/snps_tcl/snpsTest/pkgIndex.tcl
/software/synopsys/syn_current/auxx/tcllib/snps_tcl/snpsTclPro/pkgIndex.tcl
/software/synopsys/syn_current/auxx/tcllib/lib/tcl8.4/dde/pkgIndex.tcl
/software/synopsys/syn_current/auxx/tcllib/lib/tcl8.4/tcltest/pkgIndex.tcl
/software/synopsys/syn_current/auxx/tcllib/lib/tcl8.4/http/pkgIndex.tcl
/software/synopsys/syn_current/auxx/tcllib/lib/tcl8.4/opt/pkgIndex.tcl
/software/synopsys/syn_current/auxx/tcllib/lib/tcl8.4/msgcat/pkgIndex.tcl
/software/synopsys/syn_current/auxx/tcllib/lib/tcl8.4/reg/pkgIndex.tcl
/software/synopsys/syn_current/auxx/tcllib/lib/tcl8.4/http1.0/pkgIndex.tcl
/software/synopsys/syn_current/auxx/gui/common/setup/snpsCommonSetup.tcl
/software/synopsys/syn_current/auxx/gui/common/setup/snpsCustomize.tcl
/software/synopsys/syn_current/auxx/gui/common/setup/snpsProcheck.tcl
/software/synopsys/syn_current/auxx/gui/common/qtcl/.synopsys_qtcl.tcl
/software/synopsys/syn_current/auxx/gui/common/highlight/highlight.tcl
/software/synopsys/syn_current/auxx/gui/common/misc/base.tcl
/software/synopsys/syn_current/auxx/gui/common/misc/timing.tcl
/software/synopsys/syn_current/auxx/gui/common/misc/setting.tcl
/software/synopsys/syn_current/auxx/gui/common/docBrowser/docBrowser.tcl
/software/synopsys/syn_current/auxx/tcllib/snps_tcl/snpsUtils/snpsUtils.tcl
/software/synopsys/syn_current/auxx/gui/common/WindowFrameWork/windowFrameWork.tcl
/software/synopsys/syn_current/auxx/gui/common/WindowFrameWork/skipBusyCursorCmdList.tcl
/software/synopsys/syn_current/auxx/gui/common/dialogs/ObjectChooser.tcl
/software/synopsys/syn_current/auxx/gui/common/misc/DialogObjectChooser.tcl
/software/synopsys/syn_current/auxx/gui/common/dialogs/HistBinInformation.tcl
/software/synopsys/syn_current/auxx/gui/common/dialogs/HistBin1Information.tcl
/software/synopsys/syn_current/auxx/gui/common/dialogs/BinsOnlyInformation.tcl
/software/synopsys/syn_current/auxx/gui/common/dialogs/FileChooser.tcl
/software/synopsys/syn_current/auxx/gui/common/dialogs/PathPinSimpleInfo.tcl
/software/synopsys/syn_current/auxx/gui/common/dialogs/PathsBasicInfo.tcl
/software/synopsys/syn_current/auxx/gui/common/dialogs/PathsBasicSimpleInfo.tcl
/software/synopsys/syn_current/auxx/gui/common/dialogs/SlctOperationInfo.tcl
/software/synopsys/syn_current/auxx/gui/common/dialogs/ObjectListInfo.tcl
/software/synopsys/syn_current/auxx/gui/common/dialogs/FanInOutInfo.tcl
/software/synopsys/syn_current/auxx/gui/common/dialogs/NumberOfLevelsChooser.tcl
/software/synopsys/syn_current/auxx/gui/common/dialogs/WindowReuseInfo.tcl
/software/synopsys/syn_current/auxx/gui/common/dialogs/ReportOutputOptionInfo.tcl
/software/synopsys/syn_current/auxx/gui/common/setup/snpsCollections.tcl
/software/synopsys/syn_current/auxx/gui/common/dialogs/PreferencesDlg.tcl
/software/synopsys/syn_current/auxx/gui/common/dialogs/CompileLinkDesign.tcl
/software/synopsys/syn_current/auxx/gui/common/histogram/DialogEndpointSlack.tcl
/software/synopsys/syn_current/auxx/gui/common/histogram/DialogPathsSlack.tcl
/software/synopsys/syn_current/auxx/gui/common/histogram/DialogNetCapacitance.tcl
/software/synopsys/syn_current/auxx/gui/common/schematic/DialogPathSchematicFanInOut.tcl
/software/synopsys/syn_current/auxx/gui/common/schematic/DialogPathSchematicAddPaths.tcl
/software/synopsys/syn_current/auxx/gui/common/histogram/base.tcl
/software/synopsys/syn_current/auxx/gui/common/profiler/base.tcl
/software/synopsys/syn_current/auxx/gui/common/schematic/base.tcl
/software/synopsys/syn_current/auxx/gui/common/select/baseInternal.tcl
/software/synopsys/syn_current/auxx/gui/common/schematic/enable.tcl
/software/synopsys/syn_current/auxx/gui/common/schematic/netlist.tcl
/software/synopsys/syn_current/auxx/gui/common/schematic/method.tcl
/software/synopsys/syn_current/auxx/gui/common/misc/createViewType.tcl
/software/synopsys/syn_current/auxx/gui/common/menus/base.tcl
/software/synopsys/syn_current/auxx/gui/common/libviewer/base.tcl
/software/synopsys/syn_current/auxx/gui/common/misc/viewmgr.tcl
/software/synopsys/syn_current/auxx/gui/common/pathinspector/base.tcl
/software/synopsys/syn_current/auxx/gui/common/pathinspector/create_window_and_menu.tcl
/software/synopsys/syn_current/auxx/gui/common/misc/viewporthistory.tcl
/home/sebc13.22/Desktop/Controllo/ondemand_controllo.vhd
/home/sebc13.22/Desktop/Controllo/interface.vhd
/home/sebc13.22/Desktop/Controllo/fifo2.vhd
/home/sebc13.22/Desktop/Controllo/ShiftOut.vhd
/home/sebc13.22/Desktop/Controllo/ShiftIN.vhd
/home/sebc13.22/Desktop/Controllo/LAtch.vhd
/home/sebc13.22/Desktop/Controllo/FSM_ondemand_controllo.vhd
/home/sebc13.22/Desktop/Controllo/FSM_RX_a_livello.vhd
/home/sebc13.22/Desktop/Controllo/FF_generic.vhd
/home/sebc13.22/Desktop/Controllo/Controllo.vhd
/home/mg.lowpower/do/libtsmc/synopsys/typical.db
/home/mg.lowpower/do/libtsmc/synopsys/typical_leakage.db
/home/sebc13.22/Desktop/Controllo/ondemand_controllo.vhd
/home/sebc13.22/Desktop/Controllo/interface.vhd
/home/sebc13.22/Desktop/Controllo/fifo2.vhd
/home/sebc13.22/Desktop/Controllo/ShiftOut.vhd
/home/sebc13.22/Desktop/Controllo/ShiftIN.vhd
/home/sebc13.22/Desktop/Controllo/LAtch.vhd
/home/sebc13.22/Desktop/Controllo/FSM_ondemand_controllo.vhd
/home/sebc13.22/Desktop/Controllo/FSM_RX_a_livello.vhd
/home/sebc13.22/Desktop/Controllo/FF_generic.vhd
/home/sebc13.22/Desktop/Controllo/Controllo.vhd
/home/sebc13.22/Desktop/Controllo/ondemand_controllo.vhd
/home/sebc13.22/Desktop/Controllo/interface.vhd
/home/sebc13.22/Desktop/Controllo/fifo2.vhd
/home/sebc13.22/Desktop/Controllo/ShiftOut.vhd
/home/sebc13.22/Desktop/Controllo/ShiftIN.vhd
/home/sebc13.22/Desktop/Controllo/LAtch.vhd
/home/sebc13.22/Desktop/Controllo/FSM_ondemand_controllo.vhd
/home/sebc13.22/Desktop/Controllo/FSM_RX.vhd
/home/sebc13.22/Desktop/Controllo/FF_generic.vhd
/home/sebc13.22/Desktop/Controllo/Controllo.vhd
/home/sebc13.22/Desktop/Controllo/ondemand_controllo.vhd
/home/sebc13.22/Desktop/Controllo/interface.vhd
/home/sebc13.22/Desktop/Controllo/fifo2.vhd
/home/sebc13.22/Desktop/Controllo/ShiftOut.vhd
/home/sebc13.22/Desktop/Controllo/ShiftIN.vhd
/home/sebc13.22/Desktop/Controllo/LAtch.vhd
/home/sebc13.22/Desktop/Controllo/FSM_ondemand_controllo.vhd
/home/sebc13.22/Desktop/Controllo/FSM_RX.vhd
/home/sebc13.22/Desktop/Controllo/FF_generic.vhd
/home/sebc13.22/Desktop/Controllo/Controllo.vhd
/home/sebc13.22/Desktop/Controllo/ondemand_controllo.vhd
/home/sebc13.22/Desktop/Controllo/interface.vhd
/home/sebc13.22/Desktop/Controllo/fifo2.vhd
/home/sebc13.22/Desktop/Controllo/ShiftOut.vhd
/home/sebc13.22/Desktop/Controllo/ShiftIN.vhd
/home/sebc13.22/Desktop/Controllo/LAtch.vhd
/home/sebc13.22/Desktop/Controllo/FSM_ondemand_controllo.vhd
/home/sebc13.22/Desktop/Controllo/FSM_RX.vhd
/home/sebc13.22/Desktop/Controllo/FF_generic.vhd
/home/sebc13.22/Desktop/Controllo/Controllo.vhd
/home/sebc13.22/Desktop/Controllo/ondemand_controllo.vhd
/home/sebc13.22/Desktop/Controllo/interface.vhd
/home/sebc13.22/Desktop/Controllo/fifo2.vhd
/home/sebc13.22/Desktop/Controllo/ShiftOut.vhd
/home/sebc13.22/Desktop/Controllo/ShiftIN.vhd
/home/sebc13.22/Desktop/Controllo/LAtch.vhd
/home/sebc13.22/Desktop/Controllo/FSM_ondemand_controllo.vhd
/home/sebc13.22/Desktop/Controllo/FSM_RX.vhd
/home/sebc13.22/Desktop/Controllo/FF_generic.vhd
/home/sebc13.22/Desktop/Controllo/Controllo.vhd
/software/synopsys/syn_current/libraries/syn/gtech.db
/software/synopsys/syn_current/libraries/syn/standard.sldb
/home/sebc13.22/Desktop/Controllo/ondemand_controllo.vhd
/home/sebc13.22/Desktop/Controllo/interface.vhd
/home/sebc13.22/Desktop/Controllo/fifo2.vhd
/home/sebc13.22/Desktop/Controllo/ShiftOut.vhd
/home/sebc13.22/Desktop/Controllo/ShiftIN.vhd
/home/sebc13.22/Desktop/Controllo/LAtch.vhd
/home/sebc13.22/Desktop/Controllo/FSM_ondemand_controllo.vhd
/home/sebc13.22/Desktop/Controllo/FSM_RX.vhd
/home/sebc13.22/Desktop/Controllo/FF_generic.vhd
/home/sebc13.22/Desktop/Controllo/Controllo.vhd
/home/sebc13.22/synopsys_cache_Z-2007.03-SP1/DW01/DW01_MUX/str/typical_2510_8167_1649/element.db
/home/sebc13.22/synopsys_cache_Z-2007.03-SP1/DW01/DW01_mmux/str/2/typical_2510_8167_1649/element.db
/home/sebc13.22/synopsys_cache_Z-2007.03-SP1/DW01/DW01_mmux/str/3/typical_2510_8167_1649/element.db
/home/sebc13.22/synopsys_cache_Z-2007.03-SP1/DW01/DW01_mmux/str/4/typical_2510_8167_1649/element.db
/home/sebc13.22/synopsys_cache_Z-2007.03-SP1/DW01/DW01_mmux/str/5/typical_2510_8167_1649/element.db
/home/sebc13.22/synopsys_cache_Z-2007.03-SP1/DW01/DW01_NOT/str/typical_2510_8167_1649/element.db
/home/sebc13.22/synopsys_cache_Z-2007.03-SP1/DW01/DW01_NAND2/str/typical_2510_8167_1649/element.db
/home/mg.lowpower/do/libtsmc/synopsys/typical.db
/software/synopsys/syn_current/libraries/syn/generic.sdb
/home/mg.lowpower/do/libtsmc/synopsys/typical.db
/home/sebc13.22/Desktop/Controllo/ondemand_controllo.vhd
/home/sebc13.22/Desktop/Controllo/interface.vhd
/home/sebc13.22/Desktop/Controllo/fifo2.vhd
/home/sebc13.22/Desktop/Controllo/ShiftOut.vhd
/home/sebc13.22/Desktop/Controllo/ShiftIN.vhd
/home/sebc13.22/Desktop/Controllo/LAtch.vhd
/home/sebc13.22/Desktop/Controllo/FSM_ondemand_controllo.vhd
/home/sebc13.22/Desktop/Controllo/FSM_RX.vhd
/home/sebc13.22/Desktop/Controllo/FF_generic.vhd
/home/sebc13.22/Desktop/Controllo/Controllo.vhd
/home/sebc13.22/synopsys_cache_Z-2007.03-SP1/DW01/DW01_MUX/str/typical_2510_8167_1649/element.db
/home/sebc13.22/synopsys_cache_Z-2007.03-SP1/DW01/DW01_mmux/str/2/typical_2510_8167_1649/element.db
/home/sebc13.22/synopsys_cache_Z-2007.03-SP1/DW01/DW01_mmux/str/3/typical_2510_8167_1649/element.db
/home/sebc13.22/synopsys_cache_Z-2007.03-SP1/DW01/DW01_mmux/str/4/typical_2510_8167_1649/element.db
/home/sebc13.22/synopsys_cache_Z-2007.03-SP1/DW01/DW01_mmux/str/5/typical_2510_8167_1649/element.db
/home/sebc13.22/synopsys_cache_Z-2007.03-SP1/DW01/DW01_NOT/str/typical_2510_8167_1649/element.db
/home/sebc13.22/synopsys_cache_Z-2007.03-SP1/DW01/DW01_cmp6/rpl/2/typical_2510_8167_1649/element.db
/home/sebc13.22/synopsys_cache_Z-2007.03-SP1/DW01/DW01_inc/rpl/2/typical_2510_8167_1649/element.db
/home/sebc13.22/synopsys_cache_Z-2007.03-SP1/DW01/DW01_add/rpl/2/typical_2510_8167_1649/element.db
/home/sebc13.22/synopsys_cache_Z-2007.03-SP1/DW01/DW01_add/cla/2/typical_2510_8167_1649/element.db
/home/sebc13.22/synopsys_cache_Z-2007.03-SP1/DW01/DW01_incdec/rpl/2/typical_2510_8167_1649/element.db
/home/sebc13.22/synopsys_cache_Z-2007.03-SP1/DW01/DW01_inc/rpl/2/typical_2510/element.db
/home/sebc13.22/synopsys_cache_Z-2007.03-SP1/DW01/DW01_cmp6/rpl/2/typical_2510/element.db
/home/mg.lowpower/do/libtsmc/synopsys/typical.db
/home/mg.lowpower/do/libtsmc/synopsys/typical.db
